2025-06-30 22:47:07,301 - Starting EU Scalper...
2025-06-30 22:47:12,838 - Connected to Account: DEMO_005
2025-06-30 22:47:54,537 - Initial sell order placed for EURUSD
2025-06-30 22:48:53,595 - Position: EURUSD, Price: 1.17781, ID: 147785131, Volume: 0.1
2025-06-30 22:48:53,595 - EURUSD Not Ready
2025-06-30 22:49:53,632 - Position: EURUSD, Price: 1.17781, ID: 147785131, Volume: 0.1
2025-06-30 22:49:53,632 - EURUSD Not Ready
2025-06-30 22:50:53,675 - Position: EURUSD, Price: 1.17781, ID: 147785131, Volume: 0.1
2025-06-30 22:50:53,675 - EURUSD Not Ready
2025-06-30 22:51:53,782 - Position: EURUSD, Price: 1.17781, ID: 147785131, Volume: 0.1
2025-06-30 22:51:53,784 - EURUSD Not Ready
2025-06-30 22:52:53,888 - Position: EURUSD, Price: 1.17781, ID: 147785131, Volume: 0.1
2025-06-30 22:52:53,888 - EURUSD Not Ready
2025-06-30 22:53:53,947 - Position: EURUSD, Price: 1.17781, ID: 147785131, Volume: 0.1
2025-06-30 22:53:53,947 - EURUSD Not Ready
2025-06-30 22:54:53,996 - Position: EURUSD, Price: 1.17781, ID: 147785131, Volume: 0.1
2025-06-30 22:54:53,998 - EURUSD Not Ready
2025-06-30 22:55:53,102 - Position: EURUSD, Price: 1.17781, ID: 147785131, Volume: 0.1
2025-06-30 22:55:53,103 - EURUSD Not Ready
2025-06-30 22:56:53,183 - Position: EURUSD, Price: 1.17781, ID: 147785131, Volume: 0.1
2025-06-30 22:56:53,184 - EURUSD Not Ready
2025-06-30 22:57:53,232 - Position: EURUSD, Price: 1.17781, ID: 147785131, Volume: 0.1
2025-06-30 22:57:53,232 - EURUSD Not Ready
2025-06-30 22:58:53,271 - Position: EURUSD, Price: 1.17781, ID: 147785131, Volume: 0.1
2025-06-30 22:58:53,271 - EURUSD Not Ready
2025-06-30 22:59:38,221 - Script interrupted by user.
2025-06-30 22:59:38,222 - MT5 connection closed.
2025-06-30 22:59:46,607 - Starting EU Scalper...
2025-06-30 22:59:46,625 - Connected to Account: DEMO_005
2025-06-30 22:59:53,641 - Daily P/L: $-117.67
2025-06-30 22:59:53,669 - Position: EURUSD, Price: 1.17781, ID: 147785131, Volume: 0.1
2025-06-30 22:59:53,671 - EURUSD Not Ready
2025-06-30 23:00:53,733 - Daily P/L: $-117.67
2025-06-30 23:00:53,747 - Position: EURUSD, Price: 1.17781, ID: 147785131, Volume: 0.1
2025-06-30 23:00:53,747 - EURUSD Not Ready
2025-06-30 23:01:53,779 - Daily P/L: $-117.67
2025-06-30 23:01:53,784 - Position: EURUSD, Price: 1.17781, ID: 147785131, Volume: 0.1
2025-06-30 23:01:53,785 - EURUSD Not Ready
2025-06-30 23:01:54,184 - Additional sell order placed for EURUSD
2025-06-30 23:01:54,195 - SL/TP update failed for EURUSD, retcode=None
2025-06-30 23:02:53,231 - Daily P/L: $-117.67
2025-06-30 23:02:53,259 - Position: EURUSD, Price: 1.17781, ID: 147785131, Volume: 0.1
2025-06-30 23:02:53,259 - Position: EURUSD, Price: 1.1780599999999999, ID: 147790197, Volume: 0.01
2025-06-30 23:02:53,260 - EURUSD Not Ready
2025-06-30 23:03:54,294 - Daily P/L: $-117.67
2025-06-30 23:03:54,317 - Position: EURUSD, Price: 1.17781, ID: 147785131, Volume: 0.1
2025-06-30 23:03:54,317 - Position: EURUSD, Price: 1.1780599999999999, ID: 147790197, Volume: 0.01
2025-06-30 23:03:54,317 - EURUSD Not Ready
2025-06-30 23:04:53,400 - Daily P/L: $-117.67
2025-06-30 23:04:53,409 - Position: EURUSD, Price: 1.17781, ID: 147785131, Volume: 0.1
2025-06-30 23:04:53,409 - Position: EURUSD, Price: 1.1780599999999999, ID: 147790197, Volume: 0.01
2025-06-30 23:04:53,409 - EURUSD Not Ready
2025-06-30 23:05:38,933 - Script interrupted by user.
2025-06-30 23:05:38,933 - MT5 connection closed.
